d:\git版本管理\c\c-homework\c语言课程设计\build\inter\c语言课程设计\x64\debug\vc143.pdb
d:\git版本管理\c\c-homework\c语言课程设计\build\inter\c语言课程设计\x64\debug\vc143.idb
d:\git版本管理\c\c-homework\c语言课程设计\build\inter\c语言课程设计\x64\debug\user.obj
d:\git版本管理\c\c-homework\c语言课程设计\build\inter\c语言课程设计\x64\debug\test.obj
d:\git版本管理\c\c-homework\c语言课程设计\build\inter\c语言课程设计\x64\debug\merchant.obj
d:\git版本管理\c\c-homework\c语言课程设计\build\inter\c语言课程设计\x64\debug\main.obj
d:\git版本管理\c\c-homework\c语言课程设计\build\inter\c语言课程设计\x64\debug\loginsystem.obj
d:\git版本管理\c\c-homework\c语言课程设计\build\inter\c语言课程设计\x64\debug\list.obj
d:\git版本管理\c\c-homework\c语言课程设计\build\inter\c语言课程设计\x64\debug\c语言课程设计.ilk
d:\git版本管理\c\c-homework\c语言课程设计\build\bin\x64\debug\c语言课程设计.pdb
d:\git版本管理\c\c-homework\c语言课程设计\build\inter\c语言课程设计\x64\debug\c语言课程设计.vcxproj.filelistabsolute.txt
d:\git版本管理\c\c-homework\c语言课程设计\build\inter\c语言课程设计\x64\debug\c语言课程设计.tlog\cl.command.1.tlog
d:\git版本管理\c\c-homework\c语言课程设计\build\inter\c语言课程设计\x64\debug\c语言课程设计.tlog\cl.items.tlog
d:\git版本管理\c\c-homework\c语言课程设计\build\inter\c语言课程设计\x64\debug\c语言课程设计.tlog\cl.read.1.tlog
d:\git版本管理\c\c-homework\c语言课程设计\build\inter\c语言课程设计\x64\debug\c语言课程设计.tlog\cl.write.1.tlog
d:\git版本管理\c\c-homework\c语言课程设计\build\inter\c语言课程设计\x64\debug\c语言课程设计.tlog\link-cvtres.read.1.tlog
d:\git版本管理\c\c-homework\c语言课程设计\build\inter\c语言课程设计\x64\debug\c语言课程设计.tlog\link-cvtres.write.1.tlog
d:\git版本管理\c\c-homework\c语言课程设计\build\inter\c语言课程设计\x64\debug\c语言课程设计.tlog\link-rc.read.1.tlog
d:\git版本管理\c\c-homework\c语言课程设计\build\inter\c语言课程设计\x64\debug\c语言课程设计.tlog\link-rc.write.1.tlog
d:\git版本管理\c\c-homework\c语言课程设计\build\inter\c语言课程设计\x64\debug\c语言课程设计.tlog\link.28460-cvtres.read.1.tlog
d:\git版本管理\c\c-homework\c语言课程设计\build\inter\c语言课程设计\x64\debug\c语言课程设计.tlog\link.28460-cvtres.write.1.tlog
d:\git版本管理\c\c-homework\c语言课程设计\build\inter\c语言课程设计\x64\debug\c语言课程设计.tlog\link.28460-rc.read.1.tlog
d:\git版本管理\c\c-homework\c语言课程设计\build\inter\c语言课程设计\x64\debug\c语言课程设计.tlog\link.28460-rc.write.1.tlog
d:\git版本管理\c\c-homework\c语言课程设计\build\inter\c语言课程设计\x64\debug\c语言课程设计.tlog\link.28460.read.1.tlog
d:\git版本管理\c\c-homework\c语言课程设计\build\inter\c语言课程设计\x64\debug\c语言课程设计.tlog\link.28460.read.2.tlog
d:\git版本管理\c\c-homework\c语言课程设计\build\inter\c语言课程设计\x64\debug\c语言课程设计.tlog\link.28460.read.3.tlog
d:\git版本管理\c\c-homework\c语言课程设计\build\inter\c语言课程设计\x64\debug\c语言课程设计.tlog\link.28460.read.4.tlog
d:\git版本管理\c\c-homework\c语言课程设计\build\inter\c语言课程设计\x64\debug\c语言课程设计.tlog\link.28460.read.5.tlog
d:\git版本管理\c\c-homework\c语言课程设计\build\inter\c语言课程设计\x64\debug\c语言课程设计.tlog\link.28460.read.7.tlog
d:\git版本管理\c\c-homework\c语言课程设计\build\inter\c语言课程设计\x64\debug\c语言课程设计.tlog\link.28460.write.1.tlog
d:\git版本管理\c\c-homework\c语言课程设计\build\inter\c语言课程设计\x64\debug\c语言课程设计.tlog\link.command.1.tlog
d:\git版本管理\c\c-homework\c语言课程设计\build\inter\c语言课程设计\x64\debug\c语言课程设计.tlog\link.read.1.tlog
d:\git版本管理\c\c-homework\c语言课程设计\build\inter\c语言课程设计\x64\debug\c语言课程设计.tlog\link.read.2.tlog
d:\git版本管理\c\c-homework\c语言课程设计\build\inter\c语言课程设计\x64\debug\c语言课程设计.tlog\link.read.3.tlog
d:\git版本管理\c\c-homework\c语言课程设计\build\inter\c语言课程设计\x64\debug\c语言课程设计.tlog\link.read.4.tlog
d:\git版本管理\c\c-homework\c语言课程设计\build\inter\c语言课程设计\x64\debug\c语言课程设计.tlog\link.read.5.tlog
d:\git版本管理\c\c-homework\c语言课程设计\build\inter\c语言课程设计\x64\debug\c语言课程设计.tlog\link.read.6.tlog
d:\git版本管理\c\c-homework\c语言课程设计\build\inter\c语言课程设计\x64\debug\c语言课程设计.tlog\link.read.7.tlog
d:\git版本管理\c\c-homework\c语言课程设计\build\inter\c语言课程设计\x64\debug\c语言课程设计.tlog\link.secondary.1.tlog
d:\git版本管理\c\c-homework\c语言课程设计\build\inter\c语言课程设计\x64\debug\c语言课程设计.tlog\link.write.1.tlog
